<?xml version="1.0" encoding="UTF-8"?>
<testng-results ignored="2" total="5" passed="3" failed="0" skipped="0">
  <reporter-output>
  </reporter-output>
  <suite started-at="2025-07-02T11:11:13 ICT" name="Suite Customer Test" finished-at="2025-07-02T11:12:27 ICT" duration-ms="74003">
    <groups>
    </groups>
    <test started-at="2025-07-02T11:11:13 ICT" name="Customer Test with Chrome browser" finished-at="2025-07-02T11:12:27 ICT" duration-ms="74003">
      <class name="testcases.TaskTest">
        <test-method is-config="true" signature="createDriver(java.lang.String,java.lang.reflect.Method)[pri:0, instance:testcases.TaskTest@11b377c5]" started-at="2025-07-02T11:12:01 ICT" name="createDriver" finished-at="2025-07-02T11:12:03 ICT" duration-ms="1359" status="PASS">
          <params>
            <param index="0">
              <value>
                <![CDATA[chrome]]>
              </value>
            </param>
            <param index="1">
              <value>
                <![CDATA[public void testcases.TaskTest.verifyTask() throws java.lang.InterruptedException,java.awt.AWTException]]>
              </value>
            </param>
          </params>
          <reporter-output>
          </reporter-output>
        </test-method> <!-- createDriver -->
        <test-method signature="verifyTask()[pri:0, instance:testcases.TaskTest@11b377c5]" started-at="2025-07-02T11:12:03 ICT" name="verifyTask" description="Verify some actions on Task" finished-at="2025-07-02T11:12:27 ICT" duration-ms="23782" status="PASS">
          <reporter-output>
          </reporter-output>
        </test-method> <!-- verifyTask -->
        <test-method is-config="true" signature="closeDriver()[pri:0, instance:testcases.TaskTest@11b377c5]" started-at="2025-07-02T11:12:27 ICT" name="closeDriver" finished-at="2025-07-02T11:12:27 ICT" duration-ms="237" status="PASS">
          <reporter-output>
          </reporter-output>
        </test-method> <!-- closeDriver -->
      </class> <!-- testcases.TaskTest -->
      <class name="testcases.CustomerTest">
        <test-method is-config="true" signature="setupEnvironment()[pri:0, instance:testcases.CustomerTest@46d63dbb]" started-at="2025-07-02T11:11:13 ICT" name="setupEnvironment" finished-at="2025-07-02T11:11:13 ICT" duration-ms="28" status="PASS">
          <reporter-output>
          </reporter-output>
        </test-method> <!-- setupEnvironment -->
        <test-method is-config="true" signature="createDriver(java.lang.String,java.lang.reflect.Method)[pri:0, instance:testcases.CustomerTest@46d63dbb]" started-at="2025-07-02T11:11:14 ICT" name="createDriver" finished-at="2025-07-02T11:11:16 ICT" duration-ms="1799" status="PASS">
          <params>
            <param index="0">
              <value>
                <![CDATA[chrome]]>
              </value>
            </param>
            <param index="1">
              <value>
                <![CDATA[public void testcases.CustomerTest.verifyCreateUpdateDeleteCustomerSuccess()]]>
              </value>
            </param>
          </params>
          <reporter-output>
          </reporter-output>
        </test-method> <!-- createDriver -->
        <test-method signature="verifyCreateUpdateDeleteCustomerSuccess()[pri:0, instance:testcases.CustomerTest@46d63dbb]" started-at="2025-07-02T11:11:16 ICT" name="verifyCreateUpdateDeleteCustomerSuccess" description="Verify can create &amp; update &amp; delete Customer success" finished-at="2025-07-02T11:11:38 ICT" duration-ms="22584" status="PASS">
          <reporter-output>
          </reporter-output>
        </test-method> <!-- verifyCreateUpdateDeleteCustomerSuccess -->
        <test-method is-config="true" signature="closeDriver()[pri:0, instance:testcases.CustomerTest@46d63dbb]" started-at="2025-07-02T11:11:39 ICT" name="closeDriver" finished-at="2025-07-02T11:11:39 ICT" duration-ms="242" status="PASS">
          <reporter-output>
          </reporter-output>
        </test-method> <!-- closeDriver -->
      </class> <!-- testcases.CustomerTest -->
      <class name="testcases.ProjectTest">
        <test-method is-config="true" signature="createDriver(java.lang.String,java.lang.reflect.Method)[pri:0, instance:testcases.ProjectTest@7c2b58c0]" started-at="2025-07-02T11:11:39 ICT" name="createDriver" finished-at="2025-07-02T11:11:40 ICT" duration-ms="1179" status="PASS">
          <params>
            <param index="0">
              <value>
                <![CDATA[chrome]]>
              </value>
            </param>
            <param index="1">
              <value>
                <![CDATA[public void testcases.ProjectTest.verifyProjectOfCustomer()]]>
              </value>
            </param>
          </params>
          <reporter-output>
          </reporter-output>
        </test-method> <!-- createDriver -->
        <test-method signature="verifyProjectOfCustomer()[pri:0, instance:testcases.ProjectTest@7c2b58c0]" started-at="2025-07-02T11:11:40 ICT" name="verifyProjectOfCustomer" description="Verify Project of Customer before and after delete" finished-at="2025-07-02T11:12:01 ICT" duration-ms="21260" status="PASS">
          <reporter-output>
          </reporter-output>
        </test-method> <!-- verifyProjectOfCustomer -->
        <test-method is-config="true" signature="closeDriver()[pri:0, instance:testcases.ProjectTest@7c2b58c0]" started-at="2025-07-02T11:12:01 ICT" name="closeDriver" finished-at="2025-07-02T11:12:01 ICT" duration-ms="253" status="PASS">
          <reporter-output>
          </reporter-output>
        </test-method> <!-- closeDriver -->
      </class> <!-- testcases.ProjectTest -->
    </test> <!-- Customer Test with Chrome browser -->
  </suite> <!-- Suite Customer Test -->
</testng-results>
