<?xml version="1.0" encoding="UTF-8"?>
<testng-results ignored="0" total="3" passed="2" failed="1" skipped="0">
  <reporter-output>
  </reporter-output>
  <suite started-at="2025-07-02T13:40:53 ICT" name="Suite Customer Test" finished-at="2025-07-02T13:42:20 ICT" duration-ms="87535">
    <groups>
    </groups>
    <test started-at="2025-07-02T13:40:53 ICT" name="Customer Test with Chrome browser" finished-at="2025-07-02T13:42:20 ICT" duration-ms="87535">
      <class name="testcases.TaskTest">
        <test-method is-config="true" signature="createDriver(java.lang.String,java.lang.reflect.Method)[pri:0, instance:testcases.TaskTest@34d4860f]" started-at="2025-07-02T13:42:06 ICT" name="createDriver" finished-at="2025-07-02T13:42:08 ICT" duration-ms="2054" status="PASS">
          <params>
            <param index="0">
              <value>
                <![CDATA[chrome]]>
              </value>
            </param>
            <param index="1">
              <value>
                <![CDATA[public void testcases.TaskTest.verifyTask() throws java.lang.InterruptedException,java.awt.AWTException]]>
              </value>
            </param>
          </params>
          <reporter-output>
          </reporter-output>
        </test-method> <!-- createDriver -->
        <test-method signature="verifyTask()[pri:0, instance:testcases.TaskTest@34d4860f]" started-at="2025-07-02T13:42:08 ICT" name="verifyTask" description="Verify can create &amp; delete Task" finished-at="2025-07-02T13:42:19 ICT" duration-ms="11420" status="FAIL">
          <exception class="org.openqa.selenium.StaleElementReferenceException">
            <message>
              <![CDATA[stale element reference: stale element not found in the current frame
  (Session info: chrome=137.0.7151.122)
For documentation on this error, please visit: https://www.selenium.dev/documentation/webdriver/troubleshooting/errors#stale-element-reference-exception
Build info: version: '4.28.0', revision: 'ac342546e9'
System info: os.name: 'Windows 11', os.arch: 'amd64', os.version: '10.0', java.version: '21.0.6'
Driver info: org.openqa.selenium.chrome.ChromeDriver
Command: [324c9bcabb36213e99c09b1db89e3299, clickElement {id=f.8BAFE573D9A247477AC5E128D78A227E.d.17DAED069FEF6799E17F6321D19985DF.e.300}]
Capabilities {acceptInsecureCerts: true, browserName: chrome, browserVersion: 137.0.7151.122, chrome: {chromedriverVersion: 137.0.7151.119 (e0ac9d12dff..., userDataDir: C:\Users\BINDAN~1\AppData\L...}, fedcm:accounts: true, goog:chromeOptions: {debuggerAddress: localhost:50327}, networkConnectionEnabled: false, pageLoadStrategy: normal, platformName: windows, proxy: Proxy(), se:cdp: ws://localhost:50327/devtoo..., se:cdpVersion: 137.0.7151.122, setWindowRect: true, strictFileInteractability: false, timeouts: {implicit: 0, pageLoad: 300000, script: 30000}, unhandledPromptBehavior: dismiss and notify, webauthn:extension:credBlob: true, webauthn:extension:largeBlob: true, webauthn:extension:minPinLength: true, webauthn:extension:prf: true, webauthn:virtualAuthenticators: true}
Element: [[ChromeDriver: chrome on windows (324c9bcabb36213e99c09b1db89e3299)] -> xpath: //div[@class='modal-header task-single-header']//span[@aria-hidden='true'][normalize-space()='×']]
Session ID: 324c9bcabb36213e99c09b1db89e3299]]>
            </message>
            <full-stacktrace>
              <![CDATA[org.openqa.selenium.StaleElementReferenceException: stale element reference: stale element not found in the current frame
  (Session info: chrome=137.0.7151.122)
For documentation on this error, please visit: https://www.selenium.dev/documentation/webdriver/troubleshooting/errors#stale-element-reference-exception
Build info: version: '4.28.0', revision: 'ac342546e9'
System info: os.name: 'Windows 11', os.arch: 'amd64', os.version: '10.0', java.version: '21.0.6'
Driver info: org.openqa.selenium.chrome.ChromeDriver
Command: [324c9bcabb36213e99c09b1db89e3299, clickElement {id=f.8BAFE573D9A247477AC5E128D78A227E.d.17DAED069FEF6799E17F6321D19985DF.e.300}]
Capabilities {acceptInsecureCerts: true, browserName: chrome, browserVersion: 137.0.7151.122, chrome: {chromedriverVersion: 137.0.7151.119 (e0ac9d12dff..., userDataDir: C:\Users\BINDAN~1\AppData\L...}, fedcm:accounts: true, goog:chromeOptions: {debuggerAddress: localhost:50327}, networkConnectionEnabled: false, pageLoadStrategy: normal, platformName: windows, proxy: Proxy(), se:cdp: ws://localhost:50327/devtoo..., se:cdpVersion: 137.0.7151.122, setWindowRect: true, strictFileInteractability: false, timeouts: {implicit: 0, pageLoad: 300000, script: 30000}, unhandledPromptBehavior: dismiss and notify, webauthn:extension:credBlob: true, webauthn:extension:largeBlob: true, webauthn:extension:minPinLength: true, webauthn:extension:prf: true, webauthn:virtualAuthenticators: true}
Element: [[ChromeDriver: chrome on windows (324c9bcabb36213e99c09b1db89e3299)] -> xpath: //div[@class='modal-header task-single-header']//span[@aria-hidden='true'][normalize-space()='×']]
Session ID: 324c9bcabb36213e99c09b1db89e3299
at java.base/jdk.internal.reflect.DirectConstructorHandleAccessor.newInstance(DirectConstructorHandleAccessor.java:62)
at java.base/java.lang.reflect.Constructor.newInstanceWithCaller(Constructor.java:502)
at java.base/java.lang.reflect.Constructor.newInstance(Constructor.java:486)
at org.openqa.selenium.remote.ErrorCodec.decode(ErrorCodec.java:167)
at org.openqa.selenium.remote.codec.w3c.W3CHttpResponseCodec.decode(W3CHttpResponseCodec.java:138)
at org.openqa.selenium.remote.codec.w3c.W3CHttpResponseCodec.decode(W3CHttpResponseCodec.java:50)
at org.openqa.selenium.remote.HttpCommandExecutor.execute(HttpCommandExecutor.java:215)
at org.openqa.selenium.remote.service.DriverCommandExecutor.invokeExecute(DriverCommandExecutor.java:216)
at org.openqa.selenium.remote.service.DriverCommandExecutor.execute(DriverCommandExecutor.java:174)
at org.openqa.selenium.remote.RemoteWebDriver.execute(RemoteWebDriver.java:545)
at org.openqa.selenium.remote.RemoteWebElement.execute(RemoteWebElement.java:223)
at org.openqa.selenium.remote.RemoteWebElement.click(RemoteWebElement.java:76)
at keywords.WebUI.clickElement(WebUI.java:217)
at pages.TaskPage.markCompletedAndRefreshPage(TaskPage.java:160)
at testcases.TaskTest.verifyTask(TaskTest.java:56)
at java.base/jdk.internal.reflect.DirectMethodHandleAccessor.invoke(DirectMethodHandleAccessor.java:103)
at java.base/java.lang.reflect.Method.invoke(Method.java:580)
at org.testng.internal.invokers.MethodInvocationHelper.invokeMethod(MethodInvocationHelper.java:141)
at org.testng.internal.invokers.TestInvoker.invokeMethod(TestInvoker.java:687)
at org.testng.internal.invokers.TestInvoker.invokeTestMethod(TestInvoker.java:230)
at org.testng.internal.invokers.MethodRunner.runInSequence(MethodRunner.java:63)
at org.testng.internal.invokers.TestInvoker$MethodInvocationAgent.invoke(TestInvoker.java:995)
at org.testng.internal.invokers.TestInvoker.invokeTestMethods(TestInvoker.java:203)
at org.testng.internal.invokers.TestMethodWorker.invokeTestMethods(TestMethodWorker.java:154)
at org.testng.internal.invokers.TestMethodWorker.run(TestMethodWorker.java:134)
at java.base/java.util.ArrayList.forEach(ArrayList.java:1596)
at org.testng.TestRunner.privateRun(TestRunner.java:741)
at org.testng.TestRunner.run(TestRunner.java:616)
at org.testng.SuiteRunner.runTest(SuiteRunner.java:421)
at org.testng.SuiteRunner.runSequentially(SuiteRunner.java:413)
at org.testng.SuiteRunner.privateRun(SuiteRunner.java:373)
at org.testng.SuiteRunner.run(SuiteRunner.java:312)
at org.testng.SuiteRunnerWorker.runSuite(SuiteRunnerWorker.java:52)
at org.testng.SuiteRunnerWorker.run(SuiteRunnerWorker.java:95)
at org.testng.TestNG.runSuitesSequentially(TestNG.java:1274)
at org.testng.TestNG.runSuitesLocally(TestNG.java:1208)
at org.testng.TestNG.runSuites(TestNG.java:1112)
at org.testng.TestNG.run(TestNG.java:1079)
at org.testng.remote.AbstractRemoteTestNG.run(AbstractRemoteTestNG.java:115)
at org.testng.remote.RemoteTestNG.initAndRun(RemoteTestNG.java:293)
at org.testng.remote.RemoteTestNG.main(RemoteTestNG.java:91)
]]>
            </full-stacktrace>
          </exception> <!-- org.openqa.selenium.StaleElementReferenceException -->
          <reporter-output>
          </reporter-output>
        </test-method> <!-- verifyTask -->
        <test-method is-config="true" signature="closeDriver()[pri:0, instance:testcases.TaskTest@34d4860f]" started-at="2025-07-02T13:42:20 ICT" name="closeDriver" finished-at="2025-07-02T13:42:20 ICT" duration-ms="311" status="PASS">
          <reporter-output>
          </reporter-output>
        </test-method> <!-- closeDriver -->
      </class> <!-- testcases.TaskTest -->
      <class name="testcases.CustomerTest">
        <test-method is-config="true" signature="setupEnvironment()[pri:0, instance:testcases.CustomerTest@17c2d509]" started-at="2025-07-02T13:40:53 ICT" name="setupEnvironment" finished-at="2025-07-02T13:40:53 ICT" duration-ms="46" status="PASS">
          <reporter-output>
          </reporter-output>
        </test-method> <!-- setupEnvironment -->
        <test-method is-config="true" signature="createDriver(java.lang.String,java.lang.reflect.Method)[pri:0, instance:testcases.CustomerTest@17c2d509]" started-at="2025-07-02T13:40:54 ICT" name="createDriver" finished-at="2025-07-02T13:40:57 ICT" duration-ms="2798" status="PASS">
          <params>
            <param index="0">
              <value>
                <![CDATA[chrome]]>
              </value>
            </param>
            <param index="1">
              <value>
                <![CDATA[public void testcases.CustomerTest.verifyCreateUpdateDeleteCustomerSuccess()]]>
              </value>
            </param>
          </params>
          <reporter-output>
          </reporter-output>
        </test-method> <!-- createDriver -->
        <test-method signature="verifyCreateUpdateDeleteCustomerSuccess()[pri:0, instance:testcases.CustomerTest@17c2d509]" started-at="2025-07-02T13:40:57 ICT" name="verifyCreateUpdateDeleteCustomerSuccess" description="Verify can create &amp; update &amp; delete Customer success" finished-at="2025-07-02T13:41:36 ICT" duration-ms="38977" status="PASS">
          <reporter-output>
          </reporter-output>
        </test-method> <!-- verifyCreateUpdateDeleteCustomerSuccess -->
        <test-method is-config="true" signature="closeDriver()[pri:0, instance:testcases.CustomerTest@17c2d509]" started-at="2025-07-02T13:41:37 ICT" name="closeDriver" finished-at="2025-07-02T13:41:37 ICT" duration-ms="313" status="PASS">
          <reporter-output>
          </reporter-output>
        </test-method> <!-- closeDriver -->
      </class> <!-- testcases.CustomerTest -->
      <class name="testcases.ProjectTest">
        <test-method is-config="true" signature="createDriver(java.lang.String,java.lang.reflect.Method)[pri:0, instance:testcases.ProjectTest@38792286]" started-at="2025-07-02T13:41:37 ICT" name="createDriver" finished-at="2025-07-02T13:41:39 ICT" duration-ms="2356" status="PASS">
          <params>
            <param index="0">
              <value>
                <![CDATA[chrome]]>
              </value>
            </param>
            <param index="1">
              <value>
                <![CDATA[public void testcases.ProjectTest.verifyProjectOfCustomer()]]>
              </value>
            </param>
          </params>
          <reporter-output>
          </reporter-output>
        </test-method> <!-- createDriver -->
        <test-method signature="verifyProjectOfCustomer()[pri:0, instance:testcases.ProjectTest@38792286]" started-at="2025-07-02T13:41:39 ICT" name="verifyProjectOfCustomer" description="Verify Project of Customer before and after delete" finished-at="2025-07-02T13:42:05 ICT" duration-ms="26109" status="PASS">
          <reporter-output>
          </reporter-output>
        </test-method> <!-- verifyProjectOfCustomer -->
        <test-method is-config="true" signature="closeDriver()[pri:0, instance:testcases.ProjectTest@38792286]" started-at="2025-07-02T13:42:06 ICT" name="closeDriver" finished-at="2025-07-02T13:42:06 ICT" duration-ms="426" status="PASS">
          <reporter-output>
          </reporter-output>
        </test-method> <!-- closeDriver -->
      </class> <!-- testcases.ProjectTest -->
    </test> <!-- Customer Test with Chrome browser -->
  </suite> <!-- Suite Customer Test -->
</testng-results>
